2018-11-10 01:45:30,329 [WARN] from application in play-dev-mode-akka.actor.default-dispatcher-9 - Configuration not found for database: No configuration setting found for key 'db'
2018-11-10 01:45:33,000 [WARN] from org.drools.compiler.kie.builder.impl.ClasspathKieProject in play-dev-mode-akka.actor.default-dispatcher-9 - Unable to find pom.properties in /C:/Users/jajubina/SOC Projects/ontologies/target/scala-2.12/classes
2018-11-10 01:45:33,000 [WARN] from org.drools.compiler.kie.builder.impl.ClasspathKieProject in play-dev-mode-akka.actor.default-dispatcher-9 - As folder project tried to fall back to pom.xml, but could not find one for null
2018-11-10 01:45:33,000 [WARN] from org.drools.compiler.kie.builder.impl.ClasspathKieProject in play-dev-mode-akka.actor.default-dispatcher-9 - Unable to load pom.properties from/C:/Users/jajubina/SOC Projects/ontologies/target/scala-2.12/classes
2018-11-10 01:45:33,000 [WARN] from org.drools.compiler.kie.builder.impl.ClasspathKieProject in play-dev-mode-akka.actor.default-dispatcher-9 - Cannot find maven pom properties for this project. Using the container's default ReleaseId
2018-11-10 01:45:34,723 [INFO] from play.api.http.EnabledFilters in play-dev-mode-akka.actor.default-dispatcher-9 - Enabled Filters (see <https://www.playframework.com/documentation/latest/Filters>):

    play.filters.csrf.CSRFFilter
    play.filters.headers.SecurityHeadersFilter
    play.filters.hosts.AllowedHostsFilter

2018-11-10 01:45:34,838 [INFO] from play.api.Play in play-dev-mode-akka.actor.default-dispatcher-9 - Application started (Dev)
2018-11-13 13:12:19,635 [INFO] from play.core.server.AkkaHttpServer in pool-7-thread-2 - Stopping server...
2018-11-13 13:12:23,789 [ERROR] from application in pool-7-thread-2 - Error executing stop hook
java.nio.file.NoSuchFileException: C:\Users\jajubina\AppData\Local\Temp\playtemp3358936093319234924
	at sun.nio.fs.WindowsException.translateToIOException(Unknown Source)
	at sun.nio.fs.WindowsException.rethrowAsIOException(Unknown Source)
	at sun.nio.fs.WindowsException.rethrowAsIOException(Unknown Source)
	at sun.nio.fs.WindowsFileAttributeViews$Basic.readAttributes(Unknown Source)
	at sun.nio.fs.WindowsFileAttributeViews$Basic.readAttributes(Unknown Source)
	at sun.nio.fs.WindowsFileSystemProvider.readAttributes(Unknown Source)
	at java.nio.file.Files.readAttributes(Unknown Source)
	at java.nio.file.FileTreeWalker.getAttributes(Unknown Source)
	at java.nio.file.FileTreeWalker.visit(Unknown Source)
	at java.nio.file.FileTreeWalker.walk(Unknown Source)
	at java.nio.file.Files.walkFileTree(Unknown Source)
	at java.nio.file.Files.walkFileTree(Unknown Source)
	at play.api.libs.Files$DefaultTemporaryFileCreator.$anonfun$new$1(Files.scala:213)
	at scala.util.Try$.apply(Try.scala:209)
	at play.api.inject.DefaultApplicationLifecycle.$anonfun$stop$1(ApplicationLifecycle.scala:106)
	at scala.concurrent.Future.$anonfun$flatMap$1(Future.scala:303)
	at scala.concurrent.impl.Promise.$anonfun$transformWith$1(Promise.scala:37)
	at scala.concurrent.impl.CallbackRunnable.run(Promise.scala:60)
	at play.api.libs.streams.Execution$trampoline$.execute(Execution.scala:70)
	at scala.concurrent.impl.CallbackRunnable.executeWithValue(Promise.scala:68)
	at scala.concurrent.impl.Promise$KeptPromise$Kept.onComplete(Promise.scala:368)
	at scala.concurrent.impl.Promise$KeptPromise$Kept.onComplete$(Promise.scala:367)
	at scala.concurrent.impl.Promise$KeptPromise$Successful.onComplete(Promise.scala:375)
	at scala.concurrent.impl.Promise.transformWith(Promise.scala:36)
	at scala.concurrent.impl.Promise.transformWith$(Promise.scala:34)
	at scala.concurrent.impl.Promise$KeptPromise$Successful.transformWith(Promise.scala:375)
	at scala.concurrent.Future.flatMap(Future.scala:302)
	at scala.concurrent.Future.flatMap$(Future.scala:302)
	at scala.concurrent.impl.Promise$KeptPromise$Successful.flatMap(Promise.scala:375)
	at play.api.inject.DefaultApplicationLifecycle.clearHooks$1(ApplicationLifecycle.scala:105)
	at play.api.inject.DefaultApplicationLifecycle.stop(ApplicationLifecycle.scala:117)
	at play.api.DefaultApplication.stop(Application.scala:250)
	at play.api.Play$.$anonfun$stop$1(Play.scala:145)
	at play.utils.Threads$.withContextClassLoader(Threads.scala:21)
	at play.api.Play$.stop(Play.scala:145)
	at play.core.server.DevServerStart$$anon$1.$anonfun$reload$1(DevServerStart.scala:148)
	at play.core.server.DevServerStart$$anon$1.$anonfun$reload$1$adapted(DevServerStart.scala:148)
	at scala.util.Success.foreach(Try.scala:249)
	at play.core.server.DevServerStart$$anon$1.reload(DevServerStart.scala:148)
	at play.core.server.DevServerStart$$anon$1.get(DevServerStart.scala:124)
	at play.core.server.AkkaHttpServer.stop(AkkaHttpServer.scala:394)
	at play.runsupport.Reloader$$anon$2.close(Reloader.scala:244)
	at play.sbt.run.PlayRun$.$anonfun$playRunTask$3(PlayRun.scala:121)
	at play.sbt.run.PlayRun$.$anonfun$playRunTask$3$adapted(PlayRun.scala:65)
	at scala.Function1.$anonfun$compose$1(Function1.scala:44)
	at sbt.internal.util.$tilde$greater.$anonfun$$u2219$1(TypeFunctions.scala:40)
	at sbt.std.Transform$$anon$4.work(System.scala:67)
	at sbt.Execute.$anonfun$submit$2(Execute.scala:269)
	at sbt.internal.util.ErrorHandling$.wideConvert(ErrorHandling.scala:16)
	at sbt.Execute.work(Execute.scala:278)
	at sbt.Execute.$anonfun$submit$1(Execute.scala:269)
	at sbt.ConcurrentRestrictions$$anon$4.$anonfun$submitValid$1(ConcurrentRestrictions.scala:178)
	at sbt.CompletionService$$anon$2.call(CompletionService.scala:37)
	at java.util.concurrent.FutureTask.run(Unknown Source)
	at java.util.concurrent.Executors$RunnableAdapter.call(Unknown Source)
	at java.util.concurrent.FutureTask.run(Unknown Source)
	at java.util.concurrent.ThreadPoolExecutor.runWorker(Unknown Source)
	at java.util.concurrent.ThreadPoolExecutor$Worker.run(Unknown Source)
	at java.lang.Thread.run(Unknown Source)
2018-11-13 13:12:23,857 [ERROR] from application in application-akka.actor.default-dispatcher-2 - Error executing stop hook
java.lang.NullPointerException: null
	at scala.compat.java8.FutureConverters$.toScala(FutureConverters.scala:82)
	at play.api.inject.ApplicationLifecycle.$anonfun$addStopHook$1(ApplicationLifecycle.scala:68)
	at scala.util.Try$.apply(Try.scala:209)
	at play.api.inject.DefaultApplicationLifecycle.$anonfun$stop$1(ApplicationLifecycle.scala:106)
	at scala.concurrent.Future.$anonfun$flatMap$1(Future.scala:303)
	at scala.concurrent.impl.Promise.$anonfun$transformWith$1(Promise.scala:37)
	at scala.concurrent.impl.CallbackRunnable.run(Promise.scala:60)
	at play.api.libs.streams.Execution$trampoline$.executeScheduled(Execution.scala:109)
	at play.api.libs.streams.Execution$trampoline$.execute(Execution.scala:71)
	at scala.concurrent.impl.CallbackRunnable.executeWithValue(Promise.scala:68)
	at scala.concurrent.impl.Promise$DefaultPromise.$anonfun$tryComplete$1(Promise.scala:284)
	at scala.concurrent.impl.Promise$DefaultPromise.$anonfun$tryComplete$1$adapted(Promise.scala:284)
	at scala.concurrent.impl.Promise$DefaultPromise.tryComplete(Promise.scala:284)
	at scala.concurrent.Promise.$anonfun$tryCompleteWith$1(Promise.scala:71)
	at scala.concurrent.Promise.$anonfun$tryCompleteWith$1$adapted(Promise.scala:71)
	at scala.concurrent.impl.CallbackRunnable.run(Promise.scala:60)
	at scala.concurrent.BatchingExecutor$Batch.processBatch$1(BatchingExecutor.scala:63)
	at scala.concurrent.BatchingExecutor$Batch.$anonfun$run$1(BatchingExecutor.scala:78)
	at scala.runtime.java8.JFunction0$mcV$sp.apply(JFunction0$mcV$sp.java:12)
	at scala.concurrent.BlockContext$.withBlockContext(BlockContext.scala:81)
	at scala.concurrent.BatchingExecutor$Batch.run(BatchingExecutor.scala:55)
	at scala.concurrent.Future$InternalCallbackExecutor$.unbatchedExecute(Future.scala:870)
	at scala.concurrent.BatchingExecutor.execute(BatchingExecutor.scala:106)
	at scala.concurrent.BatchingExecutor.execute$(BatchingExecutor.scala:103)
	at scala.concurrent.Future$InternalCallbackExecutor$.execute(Future.scala:868)
	at scala.concurrent.impl.CallbackRunnable.executeWithValue(Promise.scala:68)
	at scala.concurrent.impl.Promise$DefaultPromise.$anonfun$tryComplete$1(Promise.scala:284)
	at scala.concurrent.impl.Promise$DefaultPromise.$anonfun$tryComplete$1$adapted(Promise.scala:284)
	at scala.concurrent.impl.Promise$DefaultPromise.tryComplete(Promise.scala:284)
	at scala.concurrent.Future$$anon$1.apply(Future.scala:682)
	at scala.concurrent.Future$$anon$1.apply(Future.scala:679)
	at scala.concurrent.impl.CallbackRunnable.run(Promise.scala:60)
	at akka.dispatch.BatchingExecutor$AbstractBatch.processBatch(BatchingExecutor.scala:55)
	at akka.dispatch.BatchingExecutor$BlockableBatch.$anonfun$run$1(BatchingExecutor.scala:91)
	at scala.runtime.java8.JFunction0$mcV$sp.apply(JFunction0$mcV$sp.java:12)
	at scala.concurrent.BlockContext$.withBlockContext(BlockContext.scala:81)
	at akka.dispatch.BatchingExecutor$BlockableBatch.run(BatchingExecutor.scala:91)
	at akka.dispatch.TaskInvocation.run(AbstractDispatcher.scala:40)
	at akka.dispatch.ForkJoinExecutorConfigurator$AkkaForkJoinTask.exec(ForkJoinExecutorConfigurator.scala:44)
	at akka.dispatch.forkjoin.ForkJoinTask.doExec(ForkJoinTask.java:260)
	at akka.dispatch.forkjoin.ForkJoinPool$WorkQueue.runTask(ForkJoinPool.java:1339)
	at akka.dispatch.forkjoin.ForkJoinPool.runWorker(ForkJoinPool.java:1979)
	at akka.dispatch.forkjoin.ForkJoinWorkerThread.run(ForkJoinWorkerThread.java:107)
2018-11-13 13:12:24,067 [WARN] from application in pool-7-thread-2 - Configuration not found for database: No configuration setting found for key 'db'
2018-11-13 13:12:24,298 [WARN] from org.drools.compiler.kie.builder.impl.ClasspathKieProject in pool-7-thread-2 - Unable to find pom.properties in /C:/Users/jajubina/SOC Projects/ontologies/target/scala-2.12/classes
2018-11-13 13:12:24,298 [WARN] from org.drools.compiler.kie.builder.impl.ClasspathKieProject in pool-7-thread-2 - As folder project tried to fall back to pom.xml, but could not find one for null
2018-11-13 13:12:24,298 [WARN] from org.drools.compiler.kie.builder.impl.ClasspathKieProject in pool-7-thread-2 - Unable to load pom.properties from/C:/Users/jajubina/SOC Projects/ontologies/target/scala-2.12/classes
2018-11-13 13:12:24,298 [WARN] from org.drools.compiler.kie.builder.impl.ClasspathKieProject in pool-7-thread-2 - Cannot find maven pom properties for this project. Using the container's default ReleaseId
2018-11-13 13:12:24,787 [INFO] from play.api.http.EnabledFilters in pool-7-thread-2 - Enabled Filters (see <https://www.playframework.com/documentation/latest/Filters>):

    play.filters.csrf.CSRFFilter
    play.filters.headers.SecurityHeadersFilter
    play.filters.hosts.AllowedHostsFilter

2018-11-13 13:12:24,804 [INFO] from play.api.Play in pool-7-thread-2 - Application started (Dev)
2018-11-13 13:12:24,815 [ERROR] from application in application-akka.actor.default-dispatcher-4 - Error executing stop hook
java.lang.NullPointerException: null
	at scala.compat.java8.FutureConverters$.toScala(FutureConverters.scala:82)
	at play.api.inject.ApplicationLifecycle.$anonfun$addStopHook$1(ApplicationLifecycle.scala:68)
	at scala.util.Try$.apply(Try.scala:209)
	at play.api.inject.DefaultApplicationLifecycle.$anonfun$stop$1(ApplicationLifecycle.scala:106)
	at scala.concurrent.Future.$anonfun$flatMap$1(Future.scala:303)
	at scala.concurrent.impl.Promise.$anonfun$transformWith$1(Promise.scala:37)
	at scala.concurrent.impl.CallbackRunnable.run(Promise.scala:60)
	at play.api.libs.streams.Execution$trampoline$.executeScheduled(Execution.scala:109)
	at play.api.libs.streams.Execution$trampoline$.execute(Execution.scala:71)
	at scala.concurrent.impl.CallbackRunnable.executeWithValue(Promise.scala:68)
	at scala.concurrent.impl.Promise$DefaultPromise.$anonfun$tryComplete$1(Promise.scala:284)
	at scala.concurrent.impl.Promise$DefaultPromise.$anonfun$tryComplete$1$adapted(Promise.scala:284)
	at scala.concurrent.impl.Promise$DefaultPromise.tryComplete(Promise.scala:284)
	at scala.concurrent.Promise.$anonfun$tryCompleteWith$1(Promise.scala:71)
	at scala.concurrent.Promise.$anonfun$tryCompleteWith$1$adapted(Promise.scala:71)
	at scala.concurrent.impl.CallbackRunnable.run(Promise.scala:60)
	at scala.concurrent.BatchingExecutor$Batch.processBatch$1(BatchingExecutor.scala:63)
	at scala.concurrent.BatchingExecutor$Batch.$anonfun$run$1(BatchingExecutor.scala:78)
	at scala.runtime.java8.JFunction0$mcV$sp.apply(JFunction0$mcV$sp.java:12)
	at scala.concurrent.BlockContext$.withBlockContext(BlockContext.scala:81)
	at scala.concurrent.BatchingExecutor$Batch.run(BatchingExecutor.scala:55)
	at scala.concurrent.Future$InternalCallbackExecutor$.unbatchedExecute(Future.scala:870)
	at scala.concurrent.BatchingExecutor.execute(BatchingExecutor.scala:106)
	at scala.concurrent.BatchingExecutor.execute$(BatchingExecutor.scala:103)
	at scala.concurrent.Future$InternalCallbackExecutor$.execute(Future.scala:868)
	at scala.concurrent.impl.CallbackRunnable.executeWithValue(Promise.scala:68)
	at scala.concurrent.impl.Promise$DefaultPromise.$anonfun$tryComplete$1(Promise.scala:284)
	at scala.concurrent.impl.Promise$DefaultPromise.$anonfun$tryComplete$1$adapted(Promise.scala:284)
	at scala.concurrent.impl.Promise$DefaultPromise.tryComplete(Promise.scala:284)
	at scala.concurrent.Future$$anon$1.apply(Future.scala:682)
	at scala.concurrent.Future$$anon$1.apply(Future.scala:679)
	at scala.concurrent.impl.CallbackRunnable.run(Promise.scala:60)
	at akka.dispatch.BatchingExecutor$AbstractBatch.processBatch(BatchingExecutor.scala:55)
	at akka.dispatch.BatchingExecutor$BlockableBatch.$anonfun$run$1(BatchingExecutor.scala:91)
	at scala.runtime.java8.JFunction0$mcV$sp.apply(JFunction0$mcV$sp.java:12)
	at scala.concurrent.BlockContext$.withBlockContext(BlockContext.scala:81)
	at akka.dispatch.BatchingExecutor$BlockableBatch.run(BatchingExecutor.scala:91)
	at akka.dispatch.TaskInvocation.run(AbstractDispatcher.scala:40)
	at akka.dispatch.ForkJoinExecutorConfigurator$AkkaForkJoinTask.exec(ForkJoinExecutorConfigurator.scala:44)
	at akka.dispatch.forkjoin.ForkJoinTask.doExec(ForkJoinTask.java:260)
	at akka.dispatch.forkjoin.ForkJoinPool$WorkQueue.runTask(ForkJoinPool.java:1339)
	at akka.dispatch.forkjoin.ForkJoinPool.runWorker(ForkJoinPool.java:1979)
	at akka.dispatch.forkjoin.ForkJoinWorkerThread.run(ForkJoinWorkerThread.java:107)
